  TestTask.cpp
f:\vs2015\projects\lcgthread\lcgthread\db_help.cpp(92): warning C4244: “=”: 从“my_ulonglong”转换到“int”，可能丢失数据
f:\vs2015\projects\lcgthread\lcgthread\db_help.cpp(111): warning C4800: “char *”: 将值强制为布尔值“true”或“false”(性能警告)
f:\vs2015\projects\lcgthread\lcgthread\db_help.cpp(86): warning C4101: “i”: 未引用的局部变量
f:\vs2015\projects\lcgthread\lcgthread\db_help.cpp(166): warning C4244: “初始化”: 从“my_ulonglong”转换到“int”，可能丢失数据
f:\vs2015\projects\lcgthread\lcgthread\db_help.cpp(174): warning C4800: “char *”: 将值强制为布尔值“true”或“false”(性能警告)
f:\vs2015\projects\lcgthread\lcgthread\db_help.cpp(201): warning C4244: “初始化”: 从“my_ulonglong”转换到“int”，可能丢失数据
f:\vs2015\projects\lcgthread\lcgthread\db_help.cpp(244): warning C4244: “初始化”: 从“my_ulonglong”转换到“int”，可能丢失数据
f:\vs2015\projects\lcgthread\lcgthread\db_help.cpp(239): warning C4101: “res1”: 未引用的局部变量
f:\vs2015\projects\lcgthread\lcgthread\db_help.cpp(286): warning C4244: “初始化”: 从“my_ulonglong”转换到“int”，可能丢失数据
f:\vs2015\projects\lcgthread\lcgthread\db_help.cpp(364): warning C4244: “初始化”: 从“my_ulonglong”转换到“int”，可能丢失数据
f:\vs2015\projects\lcgthread\lcgthread\db_help.cpp(384): warning C4244: “初始化”: 从“my_ulonglong”转换到“int”，可能丢失数据
f:\vs2015\projects\lcgthread\lcgthread\db_help.cpp(409): warning C4244: “初始化”: 从“my_ulonglong”转换到“int”，可能丢失数据
f:\vs2015\projects\lcgthread\lcgthread\db_help.cpp(429): warning C4244: “初始化”: 从“my_ulonglong”转换到“int”，可能丢失数据
f:\vs2015\projects\lcgthread\lcgthread\db_help.cpp(459): warning C4244: “初始化”: 从“my_ulonglong”转换到“int”，可能丢失数据
f:\vs2015\projects\lcgthread\lcgthread\db_help.cpp(489): warning C4244: “初始化”: 从“my_ulonglong”转换到“int”，可能丢失数据
f:\vs2015\projects\lcgthread\lcgthread\db_help.cpp(519): warning C4244: “初始化”: 从“my_ulonglong”转换到“int”，可能丢失数据
f:\vs2015\projects\lcgthread\lcgthread\db_help.cpp(551): warning C4244: “初始化”: 从“my_ulonglong”转换到“int”，可能丢失数据
f:\vs2015\projects\lcgthread\lcgthread\testtask.cpp(31): warning C4101: “co1”: 未引用的局部变量
f:\vs2015\projects\lcgthread\lcgthread\testtask.cpp(30): warning C4101: “cu1”: 未引用的局部变量
f:\vs2015\projects\lcgthread\lcgthread\testtask.cpp(24): warning C4101: “cu”: 未引用的局部变量
f:\vs2015\projects\lcgthread\lcgthread\testtask.cpp(33): warning C4101: “se1”: 未引用的局部变量
f:\vs2015\projects\lcgthread\lcgthread\testtask.cpp(34): warning C4101: “fo1”: 未引用的局部变量
f:\vs2015\projects\lcgthread\lcgthread\testtask.cpp(32): warning C4101: “hi1”: 未引用的局部变量
  正在生成代码...
  正在编译...
  main.cpp
f:\vs2015\projects\lcgthread\lcgthread\db_help.cpp(92): warning C4244: “=”: 从“my_ulonglong”转换到“int”，可能丢失数据
f:\vs2015\projects\lcgthread\lcgthread\db_help.cpp(111): warning C4800: “char *”: 将值强制为布尔值“true”或“false”(性能警告)
f:\vs2015\projects\lcgthread\lcgthread\db_help.cpp(86): warning C4101: “i”: 未引用的局部变量
f:\vs2015\projects\lcgthread\lcgthread\db_help.cpp(166): warning C4244: “初始化”: 从“my_ulonglong”转换到“int”，可能丢失数据
f:\vs2015\projects\lcgthread\lcgthread\db_help.cpp(174): warning C4800: “char *”: 将值强制为布尔值“true”或“false”(性能警告)
f:\vs2015\projects\lcgthread\lcgthread\db_help.cpp(201): warning C4244: “初始化”: 从“my_ulonglong”转换到“int”，可能丢失数据
f:\vs2015\projects\lcgthread\lcgthread\db_help.cpp(244): warning C4244: “初始化”: 从“my_ulonglong”转换到“int”，可能丢失数据
f:\vs2015\projects\lcgthread\lcgthread\db_help.cpp(239): warning C4101: “res1”: 未引用的局部变量
f:\vs2015\projects\lcgthread\lcgthread\db_help.cpp(286): warning C4244: “初始化”: 从“my_ulonglong”转换到“int”，可能丢失数据
f:\vs2015\projects\lcgthread\lcgthread\db_help.cpp(364): warning C4244: “初始化”: 从“my_ulonglong”转换到“int”，可能丢失数据
f:\vs2015\projects\lcgthread\lcgthread\db_help.cpp(384): warning C4244: “初始化”: 从“my_ulonglong”转换到“int”，可能丢失数据
f:\vs2015\projects\lcgthread\lcgthread\db_help.cpp(409): warning C4244: “初始化”: 从“my_ulonglong”转换到“int”，可能丢失数据
f:\vs2015\projects\lcgthread\lcgthread\db_help.cpp(429): warning C4244: “初始化”: 从“my_ulonglong”转换到“int”，可能丢失数据
f:\vs2015\projects\lcgthread\lcgthread\db_help.cpp(459): warning C4244: “初始化”: 从“my_ulonglong”转换到“int”，可能丢失数据
f:\vs2015\projects\lcgthread\lcgthread\db_help.cpp(489): warning C4244: “初始化”: 从“my_ulonglong”转换到“int”，可能丢失数据
f:\vs2015\projects\lcgthread\lcgthread\db_help.cpp(519): warning C4244: “初始化”: 从“my_ulonglong”转换到“int”，可能丢失数据
f:\vs2015\projects\lcgthread\lcgthread\db_help.cpp(551): warning C4244: “初始化”: 从“my_ulonglong”转换到“int”，可能丢失数据
  Task.cpp
  MyThreadPool.cpp
  MyThread.cpp
  MyQueue.cpp
  正在生成代码...
f:\vs2015\projects\lcgthread\lcgthread\mythreadpool.cpp(76): warning C4715: “CMyThreadPool::addTask”: 不是所有的控件路径都返回值
  LCGThread.vcxproj -> F:\vs2015\Projects\LCGThread\x64\Debug\LCGThread.exe
