.\Debug\BACKPRNT.pdb
E:\books\C++\Win32多线程程序设计\Win32多线程程序设计\程序\BACKPRNT\.\Debug\BACKPRNT.exe.intermediate.manifest
E:\books\C++\Win32多线程程序设计\Win32多线程程序设计\程序\BACKPRNT\Debug\BACKPRNT.exe.embed.manifest
E:\BOOKS\C++\WIN32多线程程序设计\WIN32多线程程序设计\程序\BACKPRNT\DEBUG\BACKPRNT.EXE.EMBED.MANIFEST.RES
E:\books\C++\Win32多线程程序设计\Win32多线程程序设计\程序\BACKPRNT\Debug\BACKPRNT.exe.intermediate.manifest
E:\BOOKS\C++\WIN32多线程程序设计\WIN32多线程程序设计\程序\BACKPRNT\DEBUG\BACKPRNT.OBJ
E:\books\C++\Win32多线程程序设计\Win32多线程程序设计\程序\BACKPRNT\Debug\BACKPRNT.pdb
E:\books\C++\Win32多线程程序设计\Win32多线程程序设计\程序\BACKPRNT\Debug\BACKPRNT_manifest.rc
E:\books\C++\Win32多线程程序设计\Win32多线程程序设计\程序\BACKPRNT\Debug\cl.command.1.tlog
E:\books\C++\Win32多线程程序设计\Win32多线程程序设计\程序\BACKPRNT\Debug\CL.read.1.tlog
E:\books\C++\Win32多线程程序设计\Win32多线程程序设计\程序\BACKPRNT\Debug\CL.write.1.tlog
E:\books\C++\Win32多线程程序设计\Win32多线程程序设计\程序\BACKPRNT\Debug\link.command.1.tlog
E:\books\C++\Win32多线程程序设计\Win32多线程程序设计\程序\BACKPRNT\Debug\link.read.1.tlog
E:\books\C++\Win32多线程程序设计\Win32多线程程序设计\程序\BACKPRNT\Debug\link.write.1.tlog
E:\books\C++\Win32多线程程序设计\Win32多线程程序设计\程序\BACKPRNT\Debug\link-cvtres.read.1.tlog
E:\books\C++\Win32多线程程序设计\Win32多线程程序设计\程序\BACKPRNT\Debug\link-cvtres.write.1.tlog
E:\books\C++\Win32多线程程序设计\Win32多线程程序设计\程序\BACKPRNT\Debug\rc.command.1.tlog
E:\books\C++\Win32多线程程序设计\Win32多线程程序设计\程序\BACKPRNT\Debug\rc.read.1.tlog
E:\books\C++\Win32多线程程序设计\Win32多线程程序设计\程序\BACKPRNT\Debug\rc.write.1.tlog
E:\books\C++\Win32多线程程序设计\Win32多线程程序设计\程序\BACKPRNT\Debug\vc100.idb
E:\BOOKS\C++\WIN32多线程程序设计\WIN32多线程程序设计\程序\BACKPRNT\DEBUG\VC100.PDB
