  Service.cpp
f:\vs2015\projects\lcg\lcg\db_help.cpp(92): warning C4244: “=”: 从“my_ulonglong”转换到“int”，可能丢失数据
f:\vs2015\projects\lcg\lcg\db_help.cpp(111): warning C4800: “char *”: 将值强制为布尔值“true”或“false”(性能警告)
f:\vs2015\projects\lcg\lcg\db_help.cpp(86): warning C4101: “i”: 未引用的局部变量
f:\vs2015\projects\lcg\lcg\db_help.cpp(166): warning C4244: “初始化”: 从“my_ulonglong”转换到“int”，可能丢失数据
f:\vs2015\projects\lcg\lcg\db_help.cpp(174): warning C4800: “char *”: 将值强制为布尔值“true”或“false”(性能警告)
f:\vs2015\projects\lcg\lcg\db_help.cpp(201): warning C4244: “初始化”: 从“my_ulonglong”转换到“int”，可能丢失数据
f:\vs2015\projects\lcg\lcg\db_help.cpp(244): warning C4244: “初始化”: 从“my_ulonglong”转换到“int”，可能丢失数据
f:\vs2015\projects\lcg\lcg\db_help.cpp(239): warning C4101: “res1”: 未引用的局部变量
f:\vs2015\projects\lcg\lcg\db_help.cpp(286): warning C4244: “初始化”: 从“my_ulonglong”转换到“int”，可能丢失数据
f:\vs2015\projects\lcg\lcg\db_help.cpp(364): warning C4244: “初始化”: 从“my_ulonglong”转换到“int”，可能丢失数据
f:\vs2015\projects\lcg\lcg\db_help.cpp(384): warning C4244: “初始化”: 从“my_ulonglong”转换到“int”，可能丢失数据
f:\vs2015\projects\lcg\lcg\db_help.cpp(409): warning C4244: “初始化”: 从“my_ulonglong”转换到“int”，可能丢失数据
f:\vs2015\projects\lcg\lcg\db_help.cpp(429): warning C4244: “初始化”: 从“my_ulonglong”转换到“int”，可能丢失数据
f:\vs2015\projects\lcg\lcg\db_help.cpp(459): warning C4244: “初始化”: 从“my_ulonglong”转换到“int”，可能丢失数据
f:\vs2015\projects\lcg\lcg\db_help.cpp(489): warning C4244: “初始化”: 从“my_ulonglong”转换到“int”，可能丢失数据
f:\vs2015\projects\lcg\lcg\db_help.cpp(519): warning C4244: “初始化”: 从“my_ulonglong”转换到“int”，可能丢失数据
f:\vs2015\projects\lcg\lcg\db_help.cpp(551): warning C4244: “初始化”: 从“my_ulonglong”转换到“int”，可能丢失数据
f:\vs2015\projects\lcg\lcg\service.cpp(50): warning C4244: “=”: 从“std::streamoff”转换到“long”，可能丢失数据
f:\vs2015\projects\lcg\lcg\service.cpp(65): warning C4244: “=”: 从“std::streamoff”转换到“long”，可能丢失数据
f:\vs2015\projects\lcg\lcg\service.cpp(139): warning C4101: “co1”: 未引用的局部变量
f:\vs2015\projects\lcg\lcg\service.cpp(138): warning C4101: “cu1”: 未引用的局部变量
f:\vs2015\projects\lcg\lcg\service.cpp(132): warning C4101: “cu”: 未引用的局部变量
f:\vs2015\projects\lcg\lcg\service.cpp(125): warning C4101: “table”: 未引用的局部变量
f:\vs2015\projects\lcg\lcg\service.cpp(141): warning C4101: “se1”: 未引用的局部变量
f:\vs2015\projects\lcg\lcg\service.cpp(142): warning C4101: “fo1”: 未引用的局部变量
f:\vs2015\projects\lcg\lcg\service.cpp(140): warning C4101: “hi1”: 未引用的局部变量
  LCG.vcxproj -> F:\vs2015\Projects\LCG\x64\Debug\LCG.exe
