f:\vs2015\projects\threadmaster\threadmaster\x64\debug\threadmaster.pch
f:\vs2015\projects\threadmaster\threadmaster\x64\debug\vc140.pdb
f:\vs2015\projects\threadmaster\threadmaster\x64\debug\vc140.idb
f:\vs2015\projects\threadmaster\threadmaster\x64\debug\stdafx.obj
f:\vs2015\projects\threadmaster\threadmaster\x64\debug\mylist.obj
f:\vs2015\projects\threadmaster\threadmaster\x64\debug\mymutex.obj
f:\vs2015\projects\threadmaster\threadmaster\x64\debug\myqueue.obj
f:\vs2015\projects\threadmaster\threadmaster\x64\debug\mystack.obj
f:\vs2015\projects\threadmaster\threadmaster\x64\debug\mythread.obj
f:\vs2015\projects\threadmaster\threadmaster\x64\debug\mythreadpool.obj
f:\vs2015\projects\threadmaster\threadmaster\x64\debug\task.obj
f:\vs2015\projects\threadmaster\threadmaster\x64\debug\testtask.obj
f:\vs2015\projects\threadmaster\threadmaster\x64\debug\db_help.obj
f:\vs2015\projects\threadmaster\threadmaster\x64\debug\main.obj
f:\vs2015\projects\threadmaster\x64\debug\threadmaster.ilk
f:\vs2015\projects\threadmaster\x64\debug\threadmaster.exe
f:\vs2015\projects\threadmaster\x64\debug\threadmaster.pdb
f:\vs2015\projects\threadmaster\threadmaster\x64\debug\threadmaster.tlog\cl.command.1.tlog
f:\vs2015\projects\threadmaster\threadmaster\x64\debug\threadmaster.tlog\cl.read.1.tlog
f:\vs2015\projects\threadmaster\threadmaster\x64\debug\threadmaster.tlog\cl.write.1.tlog
f:\vs2015\projects\threadmaster\threadmaster\x64\debug\threadmaster.tlog\link.command.1.tlog
f:\vs2015\projects\threadmaster\threadmaster\x64\debug\threadmaster.tlog\link.read.1.tlog
f:\vs2015\projects\threadmaster\threadmaster\x64\debug\threadmaster.tlog\link.write.1.tlog
